<?xml version="1.0" encoding="UTF-8"?>
<testsuite xmlns:xsi="http://www.w3.org/2001/XMLSchema-instance" xsi:noNamespaceSchemaLocation="https://maven.apache.org/surefire/maven-surefire-plugin/xsd/surefire-test-report.xsd" name="com.kevinlofty.ProgrammingAssignmentApplicationTests" time="0.24" tests="1" errors="1" skipped="0" failures="0">
  <properties>
[...]
</properties>
  <testcase name="com.kevinlofty.ProgrammingAssignmentApplicationTests" classname="com.kevinlofty.ProgrammingAssignmentApplicationTests" time="0.239">
    <error message="Unable to find a @SpringBootConfiguration, you need to use @ContextConfiguration or @SpringBootTest(classes=...) with your test" type="java.lang.IllegalStateException">java.lang.IllegalStateException: Unable to find a @SpringBootConfiguration, you need to use @ContextConfiguration or @SpringBootTest(classes=...) with your test
</error>
    <system-out><![CDATA[22:49:30.354 [main] DEBUG org.springframework.test.context.BootstrapUtils - Instantiating CacheAwareContextLoaderDelegate from class [org.springframework.test.context.cache.DefaultCacheAwareContextLoaderDelegate]
22:49:30.367 [main] DEBUG org.springframework.test.context.BootstrapUtils - Instantiating BootstrapContext using constructor [public org.springframework.test.context.support.DefaultBootstrapContext(java.lang.Class,org.springframework.test.context.CacheAwareContextLoaderDelegate)]
22:49:30.393 [main] DEBUG org.springframework.test.context.BootstrapUtils - Instantiating TestContextBootstrapper for test class [com.kevinlofty.ProgrammingAssignmentApplicationTests] from class [org.springframework.boot.test.context.SpringBootTestContextBootstrapper]
22:49:30.406 [main] INFO org.springframework.boot.test.context.SpringBootTestContextBootstrapper - Neither @ContextConfiguration nor @ContextHierarchy found for test class [com.kevinlofty.ProgrammingAssignmentApplicationTests], using SpringBootContextLoader
22:49:30.410 [main] DEBUG org.springframework.test.context.support.AbstractContextLoader - Did not detect default resource location for test class [com.kevinlofty.ProgrammingAssignmentApplicationTests]: class path resource [com/kevinlofty/ProgrammingAssignmentApplicationTests-context.xml] does not exist
22:49:30.410 [main] DEBUG org.springframework.test.context.support.AbstractContextLoader - Did not detect default resource location for test class [com.kevinlofty.ProgrammingAssignmentApplicationTests]: class path resource [com/kevinlofty/ProgrammingAssignmentApplicationTestsContext.groovy] does not exist
22:49:30.410 [main] INFO org.springframework.test.context.support.AbstractContextLoader - Could not detect default resource locations for test class [com.kevinlofty.ProgrammingAssignmentApplicationTests]: no resource found for suffixes {-context.xml, Context.groovy}.
22:49:30.411 [main] INFO org.springframework.test.context.support.AnnotationConfigContextLoaderUtils - Could not detect default configuration classes for test class [com.kevinlofty.ProgrammingAssignmentApplicationTests]: ProgrammingAssignmentApplicationTests does not declare any static, non-private, non-final, nested classes annotated with @Configuration.
22:49:30.440 [main] DEBUG org.springframework.test.context.support.ActiveProfilesUtils - Could not find an 'annotation declaring class' for annotation type [org.springframework.test.context.ActiveProfiles] and class [com.kevinlofty.ProgrammingAssignmentApplicationTests]
22:49:30.486 [main] DEBUG org.springframework.test.context.BootstrapUtils - Instantiating CacheAwareContextLoaderDelegate from class [org.springframework.test.context.cache.DefaultCacheAwareContextLoaderDelegate]
22:49:30.487 [main] DEBUG org.springframework.test.context.BootstrapUtils - Instantiating BootstrapContext using constructor [public org.springframework.test.context.support.DefaultBootstrapContext(java.lang.Class,org.springframework.test.context.CacheAwareContextLoaderDelegate)]
22:49:30.487 [main] DEBUG org.springframework.test.context.BootstrapUtils - Instantiating TestContextBootstrapper for test class [com.kevinlofty.ProgrammingAssignmentApplicationTests] from class [org.springframework.boot.test.context.SpringBootTestContextBootstrapper]
22:49:30.488 [main] INFO org.springframework.boot.test.context.SpringBootTestContextBootstrapper - Neither @ContextConfiguration nor @ContextHierarchy found for test class [com.kevinlofty.ProgrammingAssignmentApplicationTests], using SpringBootContextLoader
22:49:30.488 [main] DEBUG org.springframework.test.context.support.AbstractContextLoader - Did not detect default resource location for test class [com.kevinlofty.ProgrammingAssignmentApplicationTests]: class path resource [com/kevinlofty/ProgrammingAssignmentApplicationTests-context.xml] does not exist
22:49:30.489 [main] DEBUG org.springframework.test.context.support.AbstractContextLoader - Did not detect default resource location for test class [com.kevinlofty.ProgrammingAssignmentApplicationTests]: class path resource [com/kevinlofty/ProgrammingAssignmentApplicationTestsContext.groovy] does not exist
22:49:30.489 [main] INFO org.springframework.test.context.support.AbstractContextLoader - Could not detect default resource locations for test class [com.kevinlofty.ProgrammingAssignmentApplicationTests]: no resource found for suffixes {-context.xml, Context.groovy}.
22:49:30.489 [main] INFO org.springframework.test.context.support.AnnotationConfigContextLoaderUtils - Could not detect default configuration classes for test class [com.kevinlofty.ProgrammingAssignmentApplicationTests]: ProgrammingAssignmentApplicationTests does not declare any static, non-private, non-final, nested classes annotated with @Configuration.
22:49:30.491 [main] DEBUG org.springframework.test.context.support.ActiveProfilesUtils - Could not find an 'annotation declaring class' for annotation type [org.springframework.test.context.ActiveProfiles] and class [com.kevinlofty.ProgrammingAssignmentApplicationTests]
22:49:30.501 [main] DEBUG org.springframework.test.context.BootstrapUtils - Instantiating CacheAwareContextLoaderDelegate from class [org.springframework.test.context.cache.DefaultCacheAwareContextLoaderDelegate]
22:49:30.502 [main] DEBUG org.springframework.test.context.BootstrapUtils - Instantiating BootstrapContext using constructor [public org.springframework.test.context.support.DefaultBootstrapContext(java.lang.Class,org.springframework.test.context.CacheAwareContextLoaderDelegate)]
22:49:30.502 [main] DEBUG org.springframework.test.context.BootstrapUtils - Instantiating TestContextBootstrapper for test class [com.kevinlofty.ProgrammingAssignmentApplicationTests] from class [org.springframework.boot.test.context.SpringBootTestContextBootstrapper]
22:49:30.503 [main] INFO org.springframework.boot.test.context.SpringBootTestContextBootstrapper - Neither @ContextConfiguration nor @ContextHierarchy found for test class [com.kevinlofty.ProgrammingAssignmentApplicationTests], using SpringBootContextLoader
22:49:30.504 [main] DEBUG org.springframework.test.context.support.AbstractContextLoader - Did not detect default resource location for test class [com.kevinlofty.ProgrammingAssignmentApplicationTests]: class path resource [com/kevinlofty/ProgrammingAssignmentApplicationTests-context.xml] does not exist
22:49:30.504 [main] DEBUG org.springframework.test.context.support.AbstractContextLoader - Did not detect default resource location for test class [com.kevinlofty.ProgrammingAssignmentApplicationTests]: class path resource [com/kevinlofty/ProgrammingAssignmentApplicationTestsContext.groovy] does not exist
22:49:30.504 [main] INFO org.springframework.test.context.support.AbstractContextLoader - Could not detect default resource locations for test class [com.kevinlofty.ProgrammingAssignmentApplicationTests]: no resource found for suffixes {-context.xml, Context.groovy}.
22:49:30.504 [main] INFO org.springframework.test.context.support.AnnotationConfigContextLoaderUtils - Could not detect default configuration classes for test class [com.kevinlofty.ProgrammingAssignmentApplicationTests]: ProgrammingAssignmentApplicationTests does not declare any static, non-private, non-final, nested classes annotated with @Configuration.
22:49:30.507 [main] DEBUG org.springframework.test.context.support.ActiveProfilesUtils - Could not find an 'annotation declaring class' for annotation type [org.springframework.test.context.ActiveProfiles] and class [com.kevinlofty.ProgrammingAssignmentApplicationTests]
]]></system-out>
  </testcase>
</testsuite>